[bailout (kind: deopt-eager, reason: prepare for on stack replacement (OSR)): begin. deoptimizing 0x3c6101234c51 <JSFunction workLoopSync (sfi = 0x3c61011beca9)>, 0x05fb0103bb5d <Code MAGLEV>, opt id 38, bytecode offset 20, deopt exit 3, FP to SP delta 64, caller SP 0x7ffc07f48558, pc 0x55c0e00781c2]
[bailout end. code_invalidation: unaffected, took 0.044 ms]
[bailout (kind: deopt-eager, reason: wrong map): begin. deoptimizing 0x3c61015c7c69 <JSFunction isTagValidWithParent (sfi = 0x3c61011b9b85)>, 0x05fb01037fbd <Code MAGLEV>, opt id 21, bytecode offset 2, deopt exit 0, FP to SP delta 32, caller SP 0x7ffc07f47f18, pc 0x55c0e00728f0]
[bailout end. code_invalidation: invalidated, took 0.038 ms]
[bailout (kind: deopt-eager, reason: wrong map): begin. deoptimizing 0x3c61015f11ed <JSFunction completeWork (sfi = 0x3c61011bdd11)>, 0x05fb010835c5 <Code MAGLEV>, opt id 81, bytecode offset 1105, deopt exit 2, FP to SP delta 80, caller SP 0x7ffc07f48048, pc 0x55c0e00166c5]
[bailout end. code_invalidation: invalidated, took 0.024 ms]
[bailout (kind: deopt-eager, reason: wrong map): begin. deoptimizing 0x3c61015c7579 <JSFunction validatePropertiesInDevelopment (sfi = 0x3c61011bf801)>, 0x05fb010633a5 <Code MAGLEV>, opt id 59, bytecode offset 156, deopt exit 2, FP to SP delta 40, caller SP 0x7ffc07f47f08, pc 0x55c0e0011d99]
[bailout end. code_invalidation: invalidated, took 0.015 ms]
[bailout (kind: deopt-eager, reason: wrong map): begin. deoptimizing 0x3c61015c7835 <JSFunction setInitialProperties (sfi = 0x3c61011bf9c9)>, 0x05fb0103d1e9 <Code MAGLEV>, opt id 44, bytecode offset 1814, deopt exit 5, FP to SP delta 96, caller SP 0x7ffc07f47f98, pc 0x55c0e0079c2d]
[bailout end. code_invalidation: invalidated, took 0.030 ms]
[bailout (kind: deopt-eager, reason: Insufficient type feedback for call): begin. deoptimizing 0x3c6101234c11 <JSFunction runWithFiberInDEV (sfi = 0x3c61011b8c29)>, 0x05fb01033a95 <Code MAGLEV>, opt id 10, bytecode offset 90, deopt exit 4, FP to SP delta 48, caller SP 0x7ffc07f48438, pc 0x55c0e006dd4f]
[bailout end. code_invalidation: invalidated, took 0.027 ms]
[bailout (kind: deopt-eager, reason: Insufficient type feedback for generic named access): begin. deoptimizing 0x3c61015c7775 <JSFunction bubbleProperties (sfi = 0x3c61011bdce1)>, 0x05fb01039dd5 <Code MAGLEV>, opt id 29, bytecode offset 0, deopt exit 6, FP to SP delta 88, caller SP 0x7ffc07f48280, pc 0x55c0e007594e]
[bailout end. code_invalidation: invalidated, took 0.016 ms]
[bailout (kind: deopt-eager, reason: Insufficient type feedback for compare operation): begin. deoptimizing 0x3c6101234c51 <JSFunction workLoopSync (sfi = 0x3c61011beca9)>, 0x05fb0106452d <Code TURBOFAN_JS>, opt id 54, bytecode offset 176, deopt exit 2, FP to SP delta 264, caller SP 0x7ffc07f48558, pc 0x55c0e007dc9c]
[bailout end. code_invalidation: invalidated-osr, took 0.033 ms]
[bailout (kind: deopt-eager, reason: wrong call target): begin. deoptimizing 0x3c61015c2e91 <JSFunction updatePath (sfi = 0x3c6101256d8d)>, 0x05fb010b1f19 <Code MAGLEV>, opt id 163, bytecode offset 445, deopt exit 5, FP to SP delta 80, caller SP 0x7ffc07f48908, pc 0x55c0e00847bc]
[bailout end. code_invalidation: invalidated, took 0.048 ms]
[bailout (kind: deopt-eager, reason: Insufficient type feedback for generic named access): begin. deoptimizing 0x3c6101d9f6b1 <JSFunction IconSelect.createRenderEffect.e (sfi = 0x3c6101959b15)>, 0x05fb010b2c01 <Code MAGLEV>, opt id 165, bytecode offset 70, deopt exit 7, FP to SP delta 72, caller SP 0x7ffc07f48730, pc 0x55c0e00851ec]
[bailout end. code_invalidation: invalidated, took 0.026 ms]
[bailout (kind: deopt-eager, reason: Insufficient type feedback for generic named access): begin. deoptimizing 0x3c610129f0d5 <JSFunction handlePointerMove (sfi = 0x3c61011fd491)>, 0x05fb01115b51 <Code MAGLEV>, opt id 171, bytecode offset 258, deopt exit 7, FP to SP delta 48, caller SP 0x7ffc07f47ab0, pc 0x55c0e00d554a]
[bailout end. code_invalidation: invalidated, took 0.040 ms]
[bailout (kind: deopt-eager, reason: wrong map): begin. deoptimizing 0x3c6101299c41 <JSFunction get (sfi = 0x3c6101256e39)>, 0x05fb01113c19 <Code MAGLEV>, opt id 142, bytecode offset 147, deopt exit 4, FP to SP delta 80, caller SP 0x7ffc07f47c88, pc 0x55c0e003d2d3]
[bailout end. code_invalidation: invalidated, took 0.031 ms]
[bailout (kind: deopt-eager, reason: Insufficient type feedback for call): begin. deoptimizing 0x3c61015c2e91 <JSFunction updatePath (sfi = 0x3c6101256d8d)>, 0x05fb010209c9 <Code MAGLEV>, opt id 190, bytecode offset 504, deopt exit 14, FP to SP delta 80, caller SP 0x7ffc07f48728, pc 0x55c0e0039bb8]